Started GET "/" for 127.0.0.1 at 2017-10-04 11:19:03 -0400
Processing by Rails::WelcomeController#index as HTML
  Rendering /Users/stephenbryant/.rvm/gems/ruby-2.4.1/gems/railties-5.1.4/lib/rails/templates/rails/welcome/index.html.erb
  Rendered /Users/stephenbryant/.rvm/gems/ruby-2.4.1/gems/railties-5.1.4/lib/rails/templates/rails/welcome/index.html.erb (5.9ms)
Completed 200 OK in 690ms (Views: 26.1ms)


Started GET "/" for 127.0.0.1 at 2017-10-04 13:23:11 -0400
Processing by WelcomeController#index as HTML
  Rendering welcome/index.html.erb within layouts/application
  Rendered welcome/index.html.erb within layouts/application (3.9ms)
Completed 200 OK in 1231ms (Views: 649.5ms)


Started GET "/" for 127.0.0.1 at 2017-10-04 13:42:08 -0400
Processing by WelcomeController#index as HTML
  Rendering welcome/index.html.erb within layouts/application
  Rendered welcome/index.html.erb within layouts/application (3.7ms)
Completed 200 OK in 961ms (Views: 394.7ms)


Started GET "/items/new" for 127.0.0.1 at 2017-10-04 13:42:12 -0400
Processing by ItemsController#new as HTML
  Rendering items/new.html.erb within layouts/application
  Rendered items/new.html.erb within layouts/application (0.4ms)
Completed 200 OK in 22ms (Views: 19.9ms)


Started GET "/items/new" for 127.0.0.1 at 2017-10-04 13:42:30 -0400
Processing by ItemsController#new as HTML
  Rendering items/new.html.erb within layouts/application
  Rendered items/new.html.erb within layouts/application (2.1ms)
Completed 200 OK in 42ms (Views: 36.5ms)


Started GET "/items/new" for 127.0.0.1 at 2017-10-04 13:42:43 -0400
Processing by ItemsController#new as HTML
  Rendering items/new.html.erb within layouts/application
  Rendered items/new.html.erb within layouts/application (1.1ms)
Completed 200 OK in 42ms (Views: 37.6ms)


Started GET "/items/new" for 127.0.0.1 at 2017-10-04 13:47:50 -0400
Processing by ItemsController#new as HTML
  Rendering items/new.html.erb within layouts/application
  Rendered items/new.html.erb within layouts/application (376.0ms)
Completed 200 OK in 535ms (Views: 515.7ms)


Started POST "/items/new" for 127.0.0.1 at 2017-10-04 13:54:50 -0400
  
ActionController::RoutingError (No route matches [POST] "/items/new"):
  
actionpack (5.1.4) lib/action_dispatch/middleware/debug_exceptions.rb:63:in `call'
web-console (3.5.1) lib/web_console/middleware.rb:135:in `call_app'
web-console (3.5.1) lib/web_console/middleware.rb:28:in `block in call'
web-console (3.5.1) lib/web_console/middleware.rb:18:in `catch'
web-console (3.5.1) lib/web_console/middleware.rb:18:in `call'
actionpack (5.1.4) lib/action_dispatch/middleware/show_exceptions.rb:31:in `call'
railties (5.1.4) lib/rails/rack/logger.rb:36:in `call_app'
railties (5.1.4) lib/rails/rack/logger.rb:24:in `block in call'
activesupport (5.1.4) lib/active_support/tagged_logging.rb:69:in `block in tagged'
activesupport (5.1.4) lib/active_support/tagged_logging.rb:26:in `tagged'
activesupport (5.1.4) lib/active_support/tagged_logging.rb:69:in `tagged'
railties (5.1.4) lib/rails/rack/logger.rb:24:in `call'
sprockets-rails (3.2.1) lib/sprockets/rails/quiet_assets.rb:13:in `call'
actionpack (5.1.4) lib/action_dispatch/middleware/remote_ip.rb:79:in `call'
actionpack (5.1.4) lib/action_dispatch/middleware/request_id.rb:25:in `call'
rack (2.0.3) lib/rack/method_override.rb:22:in `call'
rack (2.0.3) lib/rack/runtime.rb:22:in `call'
activesupport (5.1.4) lib/active_support/cache/strategy/local_cache_middleware.rb:27:in `call'
actionpack (5.1.4) lib/action_dispatch/middleware/executor.rb:12:in `call'
actionpack (5.1.4) lib/action_dispatch/middleware/static.rb:125:in `call'
rack (2.0.3) lib/rack/sendfile.rb:111:in `call'
railties (5.1.4) lib/rails/engine.rb:522:in `call'
puma (3.10.0) lib/puma/configuration.rb:225:in `call'
puma (3.10.0) lib/puma/server.rb:605:in `handle_request'
puma (3.10.0) lib/puma/server.rb:437:in `process_client'
puma (3.10.0) lib/puma/server.rb:301:in `block in run'
puma (3.10.0) lib/puma/thread_pool.rb:120:in `block in spawn_thread'
Started POST "/items/new" for 127.0.0.1 at 2017-10-04 13:55:42 -0400
  
ActionController::RoutingError (No route matches [POST] "/items/new"):
  
actionpack (5.1.4) lib/action_dispatch/middleware/debug_exceptions.rb:63:in `call'
web-console (3.5.1) lib/web_console/middleware.rb:135:in `call_app'
web-console (3.5.1) lib/web_console/middleware.rb:28:in `block in call'
web-console (3.5.1) lib/web_console/middleware.rb:18:in `catch'
web-console (3.5.1) lib/web_console/middleware.rb:18:in `call'
actionpack (5.1.4) lib/action_dispatch/middleware/show_exceptions.rb:31:in `call'
railties (5.1.4) lib/rails/rack/logger.rb:36:in `call_app'
railties (5.1.4) lib/rails/rack/logger.rb:24:in `block in call'
activesupport (5.1.4) lib/active_support/tagged_logging.rb:69:in `block in tagged'
activesupport (5.1.4) lib/active_support/tagged_logging.rb:26:in `tagged'
activesupport (5.1.4) lib/active_support/tagged_logging.rb:69:in `tagged'
railties (5.1.4) lib/rails/rack/logger.rb:24:in `call'
sprockets-rails (3.2.1) lib/sprockets/rails/quiet_assets.rb:13:in `call'
actionpack (5.1.4) lib/action_dispatch/middleware/remote_ip.rb:79:in `call'
actionpack (5.1.4) lib/action_dispatch/middleware/request_id.rb:25:in `call'
rack (2.0.3) lib/rack/method_override.rb:22:in `call'
rack (2.0.3) lib/rack/runtime.rb:22:in `call'
activesupport (5.1.4) lib/active_support/cache/strategy/local_cache_middleware.rb:27:in `call'
actionpack (5.1.4) lib/action_dispatch/middleware/executor.rb:12:in `call'
actionpack (5.1.4) lib/action_dispatch/middleware/static.rb:125:in `call'
rack (2.0.3) lib/rack/sendfile.rb:111:in `call'
railties (5.1.4) lib/rails/engine.rb:522:in `call'
puma (3.10.0) lib/puma/configuration.rb:225:in `call'
puma (3.10.0) lib/puma/server.rb:605:in `handle_request'
puma (3.10.0) lib/puma/server.rb:437:in `process_client'
puma (3.10.0) lib/puma/server.rb:301:in `block in run'
puma (3.10.0) lib/puma/thread_pool.rb:120:in `block in spawn_thread'
Started GET "/items/new" for 127.0.0.1 at 2017-10-04 13:55:46 -0400
Processing by ItemsController#new as HTML
  Rendering items/new.html.erb within layouts/application
  Rendered items/new.html.erb within layouts/application (4.9ms)
Completed 200 OK in 101ms (Views: 97.0ms)


Started GET "/items/new" for 127.0.0.1 at 2017-10-04 13:56:00 -0400
Processing by ItemsController#new as HTML
  Rendering items/new.html.erb within layouts/application
  Rendered items/new.html.erb within layouts/application (13.6ms)
Completed 200 OK in 128ms (Views: 114.3ms)


Started POST "/items" for 127.0.0.1 at 2017-10-04 13:56:05 -0400
Processing by ItemsController#create as HTML
  Parameters: {"utf8"=>"✓", "authenticity_token"=>"ih3lZPZfHN9dhPFzWqukkMjZQQuGND8/G0m1xYQ8joNrTurJuSFuh8ZvieNcuU1ZMmgWvuV036wOsNArMHmqPw==", "item"=>{"title"=>"Testing"}, "commit"=>"Save Item"}
  Rendering text template
  Rendered text template (0.0ms)
Completed 200 OK in 11ms (Views: 8.2ms)


Started GET "/items/new" for 127.0.0.1 at 2017-10-04 13:56:41 -0400
Processing by ItemsController#new as HTML
  Rendering items/new.html.erb within layouts/application
  Rendered items/new.html.erb within layouts/application (12.7ms)
Completed 200 OK in 195ms (Views: 185.0ms)


Started GET "/items/new" for 127.0.0.1 at 2017-10-04 13:57:05 -0400
Processing by ItemsController#new as HTML
  Rendering items/new.html.erb within layouts/application
  Rendered items/new.html.erb within layouts/application (7.0ms)
Completed 200 OK in 82ms (Views: 76.2ms)


Started POST "/items" for 127.0.0.1 at 2017-10-04 13:57:08 -0400
Processing by ItemsController#create as HTML
  Parameters: {"utf8"=>"✓", "authenticity_token"=>"Jx07c4CBNc2wKNHC5KRi4iEZdQGwG92U9ZC7oD8SudrGTjTez/9HlSvDqVLitosr26gitNNbPQfgad5Oi1edZg==", "item"=>{"title"=>"Testing"}, "commit"=>"Save Item"}
  Rendering text template
  Rendered text template (0.0ms)
Completed 200 OK in 1ms (Views: 0.4ms)


  [1m[35m (2.6ms)[0m  [1m[34mSELECT sqlite_version(*)[0m
  [1m[35m (4.3ms)[0m  [1m[35mCREATE TABLE "schema_migrations" ("version" varchar NOT NULL PRIMARY KEY)[0m
  [1m[35m (3.7ms)[0m  [1m[35mCREATE TABLE "ar_internal_metadata" ("key" varchar NOT NULL PRIMARY KEY, "value" varchar, "created_at" datetime NOT NULL, "updated_at" datetime NOT NULL)[0m
  [1m[35m (0.3ms)[0m  [1m[34mSELECT "schema_migrations"."version" FROM "schema_migrations" ORDER BY "schema_migrations"."version" ASC[0m
Migrating to CreateItems (20171004175951)
  [1m[35m (0.1ms)[0m  [1m[36mbegin transaction[0m
  [1m[35m (2.6ms)[0m  [1m[35mCREATE TABLE "items" ("id" INTEGER PRIMARY KEY AUTOINCREMENT NOT NULL, "title" varchar, "created_at" datetime NOT NULL, "updated_at" datetime NOT NULL)[0m
  [1m[35mSQL (0.3ms)[0m  [1m[32mINSERT INTO "schema_migrations" ("version") VALUES (?)[0m  [["version", "20171004175951"]]
  [1m[35m (2.5ms)[0m  [1m[36mcommit transaction[0m
  [1m[36mActiveRecord::InternalMetadata Load (0.2ms)[0m  [1m[34mSELECT  "ar_internal_metadata".* FROM "ar_internal_metadata" WHERE "ar_internal_metadata"."key" = ? LIMIT ?[0m  [["key", "environment"], ["LIMIT", 1]]
  [1m[35m (0.1ms)[0m  [1m[36mbegin transaction[0m
  [1m[35mSQL (0.3ms)[0m  [1m[32mINSERT INTO "ar_internal_metadata" ("key", "value", "created_at", "updated_at") VALUES (?, ?, ?, ?)[0m  [["key", "environment"], ["value", "development"], ["created_at", "2017-10-04 18:03:31.847652"], ["updated_at", "2017-10-04 18:03:31.847652"]]
  [1m[35m (2.3ms)[0m  [1m[36mcommit transaction[0m
  [1m[35m (0.2ms)[0m  [1m[34mSELECT "schema_migrations"."version" FROM "schema_migrations" ORDER BY "schema_migrations"."version" ASC[0m
  [1m[35m (1.8ms)[0m  [1m[34mSELECT "schema_migrations"."version" FROM "schema_migrations" ORDER BY "schema_migrations"."version" ASC[0m
  [1m[35m (0.2ms)[0m  [1m[34mSELECT "schema_migrations"."version" FROM "schema_migrations" ORDER BY "schema_migrations"."version" ASC[0m
Migrating to CreateItems (20171004175951)
  [1m[35m (0.1ms)[0m  [1m[36mbegin transaction[0m
  [1m[35m (3.6ms)[0m  [1m[35mDROP TABLE "items"[0m
  [1m[35mSQL (2.2ms)[0m  [1m[31mDELETE FROM "schema_migrations" WHERE "schema_migrations"."version" = ?[0m  [["version", "20171004175951"]]
  [1m[35m (2.5ms)[0m  [1m[36mcommit transaction[0m
  [1m[35m (0.1ms)[0m  [1m[34mSELECT "schema_migrations"."version" FROM "schema_migrations" ORDER BY "schema_migrations"."version" ASC[0m
  [1m[35m (2.4ms)[0m  [1m[34mSELECT "schema_migrations"."version" FROM "schema_migrations" ORDER BY "schema_migrations"."version" ASC[0m
Migrating to CreateItems (20171004181447)
  [1m[35m (0.1ms)[0m  [1m[36mbegin transaction[0m
  [1m[35m (0.1ms)[0m  [1m[34mSELECT sqlite_version(*)[0m
  [1m[35m (2.6ms)[0m  [1m[35mCREATE TABLE "items" ("id" INTEGER PRIMARY KEY AUTOINCREMENT NOT NULL, "name" varchar, "created_at" datetime NOT NULL, "updated_at" datetime NOT NULL)[0m
  [1m[35mSQL (2.4ms)[0m  [1m[32mINSERT INTO "schema_migrations" ("version") VALUES (?)[0m  [["version", "20171004181447"]]
  [1m[35m (3.5ms)[0m  [1m[36mcommit transaction[0m
  [1m[36mActiveRecord::InternalMetadata Load (2.8ms)[0m  [1m[34mSELECT  "ar_internal_metadata".* FROM "ar_internal_metadata" WHERE "ar_internal_metadata"."key" = ? LIMIT ?[0m  [["key", "environment"], ["LIMIT", 1]]
  [1m[35m (0.1ms)[0m  [1m[36mbegin transaction[0m
  [1m[35m (0.0ms)[0m  [1m[36mcommit transaction[0m
  [1m[35m (0.3ms)[0m  [1m[34mSELECT "schema_migrations"."version" FROM "schema_migrations" ORDER BY "schema_migrations"."version" ASC[0m
Started POST "/items" for 127.0.0.1 at 2017-10-04 14:27:01 -0400
  [1m[35m (2.3ms)[0m  [1m[34mSELECT "schema_migrations"."version" FROM "schema_migrations" ORDER BY "schema_migrations"."version" ASC[0m
Processing by ItemsController#create as HTML
  Parameters: {"utf8"=>"✓", "authenticity_token"=>"Jx07c4CBNc2wKNHC5KRi4iEZdQGwG92U9ZC7oD8SudrGTjTez/9HlSvDqVLitosr26gitNNbPQfgad5Oi1edZg==", "item"=>{"title"=>"Testing"}, "commit"=>"Save Item"}
Unpermitted parameter: :title
  [1m[35m (0.1ms)[0m  [1m[36mbegin transaction[0m
  [1m[35mSQL (2.8ms)[0m  [1m[32mINSERT INTO "items" ("created_at", "updated_at") VALUES (?, ?)[0m  [["created_at", "2017-10-04 18:27:01.940518"], ["updated_at", "2017-10-04 18:27:01.940518"]]
  [1m[35m (3.3ms)[0m  [1m[36mcommit transaction[0m
Redirected to http://localhost:3000/items/1
Completed 302 Found in 33ms (ActiveRecord: 7.3ms)


Started GET "/items/1" for 127.0.0.1 at 2017-10-04 14:27:01 -0400
Processing by ItemsController#show as HTML
  Parameters: {"id"=>"1"}
  [1m[36mItem Load (0.3ms)[0m  [1m[34mSELECT  "items".* FROM "items" WHERE "items"."id" = ? LIMIT ?[0m  [["id", 1], ["LIMIT", 1]]
  Rendering items/show.html.erb within layouts/application
  Rendered items/show.html.erb within layouts/application (1.0ms)
Completed 200 OK in 126ms (Views: 108.5ms | ActiveRecord: 0.3ms)


Started POST "/items" for 127.0.0.1 at 2017-10-04 14:27:16 -0400
Processing by ItemsController#create as HTML
  Parameters: {"utf8"=>"✓", "authenticity_token"=>"Jx07c4CBNc2wKNHC5KRi4iEZdQGwG92U9ZC7oD8SudrGTjTez/9HlSvDqVLitosr26gitNNbPQfgad5Oi1edZg==", "item"=>{"title"=>"Testing Name"}, "commit"=>"Save Item"}
Unpermitted parameter: :title
  [1m[35m (0.1ms)[0m  [1m[36mbegin transaction[0m
  [1m[35mSQL (0.5ms)[0m  [1m[32mINSERT INTO "items" ("created_at", "updated_at") VALUES (?, ?)[0m  [["created_at", "2017-10-04 18:27:16.737952"], ["updated_at", "2017-10-04 18:27:16.737952"]]
  [1m[35m (2.4ms)[0m  [1m[36mcommit transaction[0m
Redirected to http://localhost:3000/items/2
Completed 302 Found in 6ms (ActiveRecord: 3.0ms)


Started GET "/items/2" for 127.0.0.1 at 2017-10-04 14:27:16 -0400
Processing by ItemsController#show as HTML
  Parameters: {"id"=>"2"}
  [1m[36mItem Load (0.2ms)[0m  [1m[34mSELECT  "items".* FROM "items" WHERE "items"."id" = ? LIMIT ?[0m  [["id", 2], ["LIMIT", 1]]
  Rendering items/show.html.erb within layouts/application
  Rendered items/show.html.erb within layouts/application (0.6ms)
Completed 200 OK in 65ms (Views: 55.2ms | ActiveRecord: 0.2ms)


Started GET "/items/2" for 127.0.0.1 at 2017-10-04 14:34:13 -0400
Processing by ItemsController#show as HTML
  Parameters: {"id"=>"2"}
  [1m[36mItem Load (1.2ms)[0m  [1m[34mSELECT  "items".* FROM "items" WHERE "items"."id" = ? LIMIT ?[0m  [["id", 2], ["LIMIT", 1]]
  Rendering items/show.html.erb within layouts/application
  Rendered items/show.html.erb within layouts/application (3.6ms)
Completed 200 OK in 149ms (Views: 130.4ms | ActiveRecord: 1.2ms)


Started GET "/items/2" for 127.0.0.1 at 2017-10-04 14:34:23 -0400
Processing by ItemsController#show as HTML
  Parameters: {"id"=>"2"}
  [1m[36mItem Load (0.2ms)[0m  [1m[34mSELECT  "items".* FROM "items" WHERE "items"."id" = ? LIMIT ?[0m  [["id", 2], ["LIMIT", 1]]
  Rendering items/show.html.erb within layouts/application
  Rendered items/show.html.erb within layouts/application (4.6ms)
Completed 200 OK in 100ms (Views: 84.1ms | ActiveRecord: 0.2ms)


Started GET "/items/2" for 127.0.0.1 at 2017-10-04 14:34:31 -0400
Processing by ItemsController#show as HTML
  Parameters: {"id"=>"2"}
  [1m[36mItem Load (0.2ms)[0m  [1m[34mSELECT  "items".* FROM "items" WHERE "items"."id" = ? LIMIT ?[0m  [["id", 2], ["LIMIT", 1]]
  Rendering items/show.html.erb within layouts/application
  Rendered items/show.html.erb within layouts/application (52.3ms)
Completed 500 Internal Server Error in 61ms (ActiveRecord: 0.2ms)


  
ActionView::Template::Error (undefined method `title' for #<Item:0x007f9260d50210>):
    1: 
    2: <p>
    3:   <strong>Name:</strong>
    4:   <%= @item.title %>
    5: </p>
    6:  
    7:  <!-- TODO:sb Associations -->
  
app/views/items/show.html.erb:4:in `_app_views_items_show_html_erb___1014821038072220349_70133325748000'
Started GET "/items/2" for 127.0.0.1 at 2017-10-04 14:34:42 -0400
Processing by ItemsController#show as HTML
  Parameters: {"id"=>"2"}
  [1m[36mItem Load (1.7ms)[0m  [1m[34mSELECT  "items".* FROM "items" WHERE "items"."id" = ? LIMIT ?[0m  [["id", 2], ["LIMIT", 1]]
  Rendering items/show.html.erb within layouts/application
  Rendered items/show.html.erb within layouts/application (3.2ms)
Completed 200 OK in 98ms (Views: 80.8ms | ActiveRecord: 1.7ms)


Started GET "/items/new" for 127.0.0.1 at 2017-10-04 14:34:47 -0400
Processing by ItemsController#new as HTML
  Rendering items/new.html.erb within layouts/application
  Rendered items/new.html.erb within layouts/application (9.4ms)
Completed 200 OK in 45ms (Views: 38.3ms | ActiveRecord: 0.0ms)


Started GET "/items/2" for 127.0.0.1 at 2017-10-04 14:36:05 -0400
Processing by ItemsController#show as HTML
  Parameters: {"id"=>"2"}
  [1m[36mItem Load (1.1ms)[0m  [1m[34mSELECT  "items".* FROM "items" WHERE "items"."id" = ? LIMIT ?[0m  [["id", 2], ["LIMIT", 1]]
  Rendering items/show.html.erb within layouts/application
  Rendered items/show.html.erb within layouts/application (35.1ms)
Completed 500 Internal Server Error in 69ms (ActiveRecord: 1.1ms)


  
ActionView::Template::Error (undefined method `timestamps' for #<Item:0x007f9260b8b498>):
    1: 
    2: <p>
    3:   <strong>Name:</strong>
    4:   <%= @item.timestamps %>
    5: </p>
    6:  
    7:  <!-- TODO:sb Associations -->
  
app/views/items/show.html.erb:4:in `_app_views_items_show_html_erb___1014821038072220349_70133332317680'
Started POST "/items" for 127.0.0.1 at 2017-10-04 14:37:27 -0400
Processing by ItemsController#create as HTML
  Parameters: {"utf8"=>"✓", "authenticity_token"=>"fG5HIt7q8qSiqPfFB6A+BWNIci3xJ0cbGQzqpgUBMXKdPUiPkZSA/DlDj1UBstfMmfklmJJnp4gM9Y9IsUQVzg==", "item"=>{"name"=>"Test Item"}, "commit"=>"Save Item"}
  Rendering text template
  Rendered text template (0.1ms)
  [1m[35m (0.1ms)[0m  [1m[36mbegin transaction[0m
  [1m[35mSQL (3.0ms)[0m  [1m[32mINSERT INTO "items" ("name", "created_at", "updated_at") VALUES (?, ?, ?)[0m  [["name", "Test Item"], ["created_at", "2017-10-04 18:37:27.957427"], ["updated_at", "2017-10-04 18:37:27.957427"]]
  [1m[35m (3.2ms)[0m  [1m[36mcommit transaction[0m
Redirected to 
Completed 500 Internal Server Error in 54ms (Views: 4.8ms | ActiveRecord: 7.7ms)


  
AbstractController::DoubleRenderError (Render and/or redirect were called multiple times in this action. Please note that you may only call render OR redirect, and at most once per action. Also note that neither redirect nor render terminate execution of the action, so if you want to exit an action after redirecting, you need to do something like "redirect_to(...) and return".):
  
app/controllers/items_controller.rb:16:in `create'
Started POST "/items" for 127.0.0.1 at 2017-10-04 14:37:49 -0400
Processing by ItemsController#create as HTML
  Parameters: {"utf8"=>"✓", "authenticity_token"=>"fG5HIt7q8qSiqPfFB6A+BWNIci3xJ0cbGQzqpgUBMXKdPUiPkZSA/DlDj1UBstfMmfklmJJnp4gM9Y9IsUQVzg==", "item"=>{"name"=>"Test Item"}, "commit"=>"Save Item"}
  Rendering text template
  Rendered text template (0.0ms)
  [1m[35m (0.1ms)[0m  [1m[36mbegin transaction[0m
  [1m[35mSQL (0.3ms)[0m  [1m[32mINSERT INTO "items" ("name", "created_at", "updated_at") VALUES (?, ?, ?)[0m  [["name", "Test Item"], ["created_at", "2017-10-04 18:37:50.156215"], ["updated_at", "2017-10-04 18:37:50.156215"]]
  [1m[35m (2.5ms)[0m  [1m[36mcommit transaction[0m
Completed 200 OK in 39ms (Views: 2.8ms | ActiveRecord: 4.3ms)


Started POST "/items" for 127.0.0.1 at 2017-10-04 14:39:45 -0400
Processing by ItemsController#create as HTML
  Parameters: {"utf8"=>"✓", "authenticity_token"=>"fG5HIt7q8qSiqPfFB6A+BWNIci3xJ0cbGQzqpgUBMXKdPUiPkZSA/DlDj1UBstfMmfklmJJnp4gM9Y9IsUQVzg==", "item"=>{"name"=>"Test Item"}, "commit"=>"Save Item"}
  [1m[35m (0.1ms)[0m  [1m[36mbegin transaction[0m
  [1m[35mSQL (2.5ms)[0m  [1m[32mINSERT INTO "items" ("name", "created_at", "updated_at") VALUES (?, ?, ?)[0m  [["name", "Test Item"], ["created_at", "2017-10-04 18:39:46.079695"], ["updated_at", "2017-10-04 18:39:46.079695"]]
  [1m[35m (2.8ms)[0m  [1m[36mcommit transaction[0m
Redirected to http://localhost:3000/items/5
Completed 302 Found in 46ms (ActiveRecord: 9.7ms)


Started GET "/items/5" for 127.0.0.1 at 2017-10-04 14:39:46 -0400
Processing by ItemsController#show as HTML
  Parameters: {"id"=>"5"}
  [1m[36mItem Load (0.3ms)[0m  [1m[34mSELECT  "items".* FROM "items" WHERE "items"."id" = ? LIMIT ?[0m  [["id", 5], ["LIMIT", 1]]
  Rendering items/show.html.erb within layouts/application
  Rendered items/show.html.erb within layouts/application (1.5ms)
Completed 200 OK in 107ms (Views: 99.9ms | ActiveRecord: 0.3ms)


Started GET "/items" for 127.0.0.1 at 2017-10-04 14:43:48 -0400
Processing by ItemsController#index as HTML
  Rendering items/index.html.erb within layouts/application
  [1m[36mItem Load (0.4ms)[0m  [1m[34mSELECT "items".* FROM "items"[0m
  Rendered items/index.html.erb within layouts/application (32.6ms)
Completed 500 Internal Server Error in 60ms (ActiveRecord: 1.8ms)


  
ActionView::Template::Error (undefined method `title' for #<Item:0x007f925fb993c8>):
     7:  
     8:   <% @items.each do |item| %>
     9:     <tr>
    10:       <td><%= item.title %></td>
    11:       <td><%= link_to 'Show', article_path(item) %></td>
    12:     </tr>
    13:   <% end %>
  
app/views/items/index.html.erb:10:in `block in _app_views_items_index_html_erb__846541494471079180_70133324337800'
app/views/items/index.html.erb:8:in `_app_views_items_index_html_erb__846541494471079180_70133324337800'
Started GET "/items" for 127.0.0.1 at 2017-10-04 14:44:04 -0400
Processing by ItemsController#index as HTML
  Rendering items/index.html.erb within layouts/application
  [1m[36mItem Load (1.3ms)[0m  [1m[34mSELECT "items".* FROM "items"[0m
  Rendered items/index.html.erb within layouts/application (463.8ms)
Completed 500 Internal Server Error in 484ms (ActiveRecord: 1.3ms)


  
ActionView::Template::Error (undefined method `article_path' for #<#<Class:0x007f925fc42c98>:0x007f9260a02158>):
     8:   <% @items.each do |item| %>
     9:     <tr>
    10:       <td><%= item.name %></td>
    11:       <td><%= link_to 'Show', article_path(item) %></td>
    12:     </tr>
    13:   <% end %>
    14: </table>
  
app/views/items/index.html.erb:11:in `block in _app_views_items_index_html_erb__846541494471079180_70133331558700'
app/views/items/index.html.erb:8:in `_app_views_items_index_html_erb__846541494471079180_70133331558700'
Started GET "/items" for 127.0.0.1 at 2017-10-04 14:44:18 -0400
Processing by ItemsController#index as HTML
  Rendering items/index.html.erb within layouts/application
  [1m[36mItem Load (1.3ms)[0m  [1m[34mSELECT "items".* FROM "items"[0m
  Rendered items/index.html.erb within layouts/application (22.8ms)
Completed 200 OK in 219ms (Views: 203.7ms | ActiveRecord: 1.3ms)


Started GET "/items/4" for 127.0.0.1 at 2017-10-04 14:44:26 -0400
Processing by ItemsController#show as HTML
  Parameters: {"id"=>"4"}
  [1m[36mItem Load (0.6ms)[0m  [1m[34mSELECT  "items".* FROM "items" WHERE "items"."id" = ? LIMIT ?[0m  [["id", 4], ["LIMIT", 1]]
  Rendering items/show.html.erb within layouts/application
  Rendered items/show.html.erb within layouts/application (1.3ms)
Completed 200 OK in 76ms (Views: 66.5ms | ActiveRecord: 0.6ms)


Started GET "/items/new" for 127.0.0.1 at 2017-10-04 14:44:31 -0400
Processing by ItemsController#new as HTML
  Rendering items/new.html.erb within layouts/application
  Rendered items/new.html.erb within layouts/application (3.6ms)
Completed 200 OK in 67ms (Views: 62.8ms | ActiveRecord: 0.0ms)


Started POST "/items" for 127.0.0.1 at 2017-10-04 14:44:39 -0400
Processing by ItemsController#create as HTML
  Parameters: {"utf8"=>"✓", "authenticity_token"=>"Ptp4gChdI0mMkaUjxAOPWOhmsMgfjsIyxvxUDixayXXfiXctZyNRERd63bPCEWaREtfnfXzOIqHTBTHgmB/tyQ==", "item"=>{"name"=>"Yet Another Test Item"}, "commit"=>"Save Item"}
  [1m[35m (0.4ms)[0m  [1m[36mbegin transaction[0m
  [1m[35mSQL (3.3ms)[0m  [1m[32mINSERT INTO "items" ("name", "created_at", "updated_at") VALUES (?, ?, ?)[0m  [["name", "Yet Another Test Item"], ["created_at", "2017-10-04 18:44:39.110566"], ["updated_at", "2017-10-04 18:44:39.110566"]]
  [1m[35m (1.2ms)[0m  [1m[36mcommit transaction[0m
Redirected to http://localhost:3000/items/6
Completed 302 Found in 14ms (ActiveRecord: 4.8ms)


Started GET "/items/6" for 127.0.0.1 at 2017-10-04 14:44:39 -0400
Processing by ItemsController#show as HTML
  Parameters: {"id"=>"6"}
  [1m[36mItem Load (0.1ms)[0m  [1m[34mSELECT  "items".* FROM "items" WHERE "items"."id" = ? LIMIT ?[0m  [["id", 6], ["LIMIT", 1]]
  Rendering items/show.html.erb within layouts/application
  Rendered items/show.html.erb within layouts/application (0.7ms)
Completed 200 OK in 70ms (Views: 65.1ms | ActiveRecord: 0.1ms)


Started GET "/items" for 127.0.0.1 at 2017-10-04 14:44:43 -0400
Processing by ItemsController#index as HTML
  Rendering items/index.html.erb within layouts/application
  [1m[36mItem Load (0.4ms)[0m  [1m[34mSELECT "items".* FROM "items"[0m
  Rendered items/index.html.erb within layouts/application (3.7ms)
Completed 200 OK in 39ms (Views: 31.5ms | ActiveRecord: 0.4ms)


Started GET "/items/6" for 127.0.0.1 at 2017-10-04 14:44:46 -0400
Processing by ItemsController#show as HTML
  Parameters: {"id"=>"6"}
  [1m[36mItem Load (0.3ms)[0m  [1m[34mSELECT  "items".* FROM "items" WHERE "items"."id" = ? LIMIT ?[0m  [["id", 6], ["LIMIT", 1]]
  Rendering items/show.html.erb within layouts/application
  Rendered items/show.html.erb within layouts/application (0.7ms)
Completed 200 OK in 129ms (Views: 113.2ms | ActiveRecord: 0.3ms)


Started GET "/items/new" for 127.0.0.1 at 2017-10-04 15:01:03 -0400
Processing by ItemsController#new as HTML
  Rendering items/new.html.erb within layouts/application
  Rendered items/new.html.erb within layouts/application (52.7ms)
Completed 200 OK in 182ms (Views: 141.2ms | ActiveRecord: 2.1ms)


Started GET "/items" for 127.0.0.1 at 2017-10-04 15:01:32 -0400
Processing by ItemsController#index as HTML
  Rendering items/index.html.erb within layouts/application
  [1m[36mItem Load (3.4ms)[0m  [1m[34mSELECT "items".* FROM "items"[0m
  Rendered items/index.html.erb within layouts/application (25.9ms)
Completed 200 OK in 129ms (Views: 106.9ms | ActiveRecord: 3.4ms)


Started GET "/items/new" for 127.0.0.1 at 2017-10-04 15:01:33 -0400
Processing by ItemsController#new as HTML
  Rendering items/new.html.erb within layouts/application
  Rendered items/new.html.erb within layouts/application (27.1ms)
Completed 200 OK in 115ms (Views: 109.3ms | ActiveRecord: 0.0ms)


Started POST "/items" for 127.0.0.1 at 2017-10-04 15:01:34 -0400
Processing by ItemsController#create as HTML
  Parameters: {"utf8"=>"✓", "authenticity_token"=>"FmV/IkXzaGbJvOKdeYHOeDokx8AeR//A+eHLNmY9Krl36lc9OgKjyjjwAJY6XOO+FKGVG+c+GTTSJfsALPQHuQ==", "item"=>{"name"=>""}, "commit"=>"Save Item"}
  [1m[35m (0.4ms)[0m  [1m[36mbegin transaction[0m
  [1m[35m (0.6ms)[0m  [1m[31mrollback transaction[0m
  Rendering items/new.html.erb within layouts/application
  Rendered items/new.html.erb within layouts/application (17.7ms)
Completed 200 OK in 112ms (Views: 61.7ms | ActiveRecord: 1.0ms)


Started GET "/items" for 127.0.0.1 at 2017-10-04 15:19:10 -0400
Processing by ItemsController#index as HTML
  Rendering items/index.html.erb within layouts/application
  [1m[36mItem Load (0.3ms)[0m  [1m[34mSELECT "items".* FROM "items"[0m
  Rendered items/index.html.erb within layouts/application (32.6ms)
Completed 200 OK in 170ms (Views: 141.4ms | ActiveRecord: 2.0ms)


Started GET "/items/4/edit" for 127.0.0.1 at 2017-10-04 15:22:10 -0400
Processing by ItemsController#edit as HTML
  Parameters: {"id"=>"4"}
  [1m[36mItem Load (2.0ms)[0m  [1m[34mSELECT  "items".* FROM "items" WHERE "items"."id" = ? LIMIT ?[0m  [["id", 4], ["LIMIT", 1]]
  Rendering items/edit.html.erb within layouts/application
  Rendered items/edit.html.erb within layouts/application (39.1ms)
Completed 200 OK in 292ms (Views: 224.7ms | ActiveRecord: 2.0ms)


Started PATCH "/items/4" for 127.0.0.1 at 2017-10-04 15:22:13 -0400
Processing by ItemsController#update as JS
  Parameters: {"utf8"=>"✓", "authenticity_token"=>"YD4FA62MpcFagtHVQKm4k9PTEqCVJgCBj62X/7Wpx7T7cwdUyMvRqlFBguDcjeSclsGNKQKBZJfHuXl7jRTBGA==", "item"=>{"name"=>"Test Item 2"}, "commit"=>"Update Item", "id"=>"4"}
  [1m[36mItem Load (0.3ms)[0m  [1m[34mSELECT  "items".* FROM "items" WHERE "items"."id" = ? LIMIT ?[0m  [["id", 4], ["LIMIT", 1]]
  [1m[35m (0.1ms)[0m  [1m[36mbegin transaction[0m
  [1m[35mSQL (3.9ms)[0m  [1m[33mUPDATE "items" SET "name" = ?, "updated_at" = ? WHERE "items"."id" = ?[0m  [["name", "Test Item 2"], ["updated_at", "2017-10-04 19:22:13.836920"], ["id", 4]]
  [1m[35m (3.0ms)[0m  [1m[36mcommit transaction[0m
Redirected to http://localhost:3000/items/4
Completed 200 OK in 44ms (ActiveRecord: 7.3ms)


Started GET "/items/4" for 127.0.0.1 at 2017-10-04 15:22:13 -0400
Processing by ItemsController#show as HTML
  Parameters: {"id"=>"4"}
  [1m[36mItem Load (0.2ms)[0m  [1m[34mSELECT  "items".* FROM "items" WHERE "items"."id" = ? LIMIT ?[0m  [["id", 4], ["LIMIT", 1]]
  Rendering items/show.html.erb within layouts/application
  Rendered items/show.html.erb within layouts/application (1.0ms)
Completed 200 OK in 45ms (Views: 40.1ms | ActiveRecord: 0.2ms)


Started GET "/items" for 127.0.0.1 at 2017-10-04 15:22:15 -0400
Processing by ItemsController#index as HTML
  Rendering items/index.html.erb within layouts/application
  [1m[36mItem Load (0.2ms)[0m  [1m[34mSELECT "items".* FROM "items"[0m
  Rendered items/index.html.erb within layouts/application (3.3ms)
Completed 200 OK in 30ms (Views: 27.6ms | ActiveRecord: 0.2ms)


Started GET "/items/5/edit" for 127.0.0.1 at 2017-10-04 15:22:17 -0400
Processing by ItemsController#edit as HTML
  Parameters: {"id"=>"5"}
  [1m[36mItem Load (0.2ms)[0m  [1m[34mSELECT  "items".* FROM "items" WHERE "items"."id" = ? LIMIT ?[0m  [["id", 5], ["LIMIT", 1]]
  Rendering items/edit.html.erb within layouts/application
  Rendered items/edit.html.erb within layouts/application (3.6ms)
Completed 200 OK in 46ms (Views: 42.2ms | ActiveRecord: 0.2ms)


Started PATCH "/items/5" for 127.0.0.1 at 2017-10-04 15:22:19 -0400
Processing by ItemsController#update as JS
  Parameters: {"utf8"=>"✓", "authenticity_token"=>"MuL/2+7j89+FTrU6S/ud6KAGo2tsUJp2QdiVBiZj909YG33Y7fT/PuDzbLqMChSXAodcB9M+WHEIrMxcNBnOCw==", "item"=>{"name"=>"Test Item 3"}, "commit"=>"Update Item", "id"=>"5"}
  [1m[36mItem Load (0.3ms)[0m  [1m[34mSELECT  "items".* FROM "items" WHERE "items"."id" = ? LIMIT ?[0m  [["id", 5], ["LIMIT", 1]]
  [1m[35m (0.2ms)[0m  [1m[36mbegin transaction[0m
  [1m[35mSQL (0.5ms)[0m  [1m[33mUPDATE "items" SET "name" = ?, "updated_at" = ? WHERE "items"."id" = ?[0m  [["name", "Test Item 3"], ["updated_at", "2017-10-04 19:22:19.289549"], ["id", 5]]
  [1m[35m (2.6ms)[0m  [1m[36mcommit transaction[0m
Redirected to http://localhost:3000/items/5
Completed 200 OK in 15ms (ActiveRecord: 3.6ms)


Started GET "/items/5" for 127.0.0.1 at 2017-10-04 15:22:19 -0400
Processing by ItemsController#show as HTML
  Parameters: {"id"=>"5"}
  [1m[36mItem Load (0.2ms)[0m  [1m[34mSELECT  "items".* FROM "items" WHERE "items"."id" = ? LIMIT ?[0m  [["id", 5], ["LIMIT", 1]]
  Rendering items/show.html.erb within layouts/application
  Rendered items/show.html.erb within layouts/application (1.8ms)
Completed 200 OK in 51ms (Views: 47.1ms | ActiveRecord: 0.2ms)


Started GET "/items" for 127.0.0.1 at 2017-10-04 15:22:20 -0400
Processing by ItemsController#index as HTML
  Rendering items/index.html.erb within layouts/application
  [1m[36mItem Load (0.4ms)[0m  [1m[34mSELECT "items".* FROM "items"[0m
  Rendered items/index.html.erb within layouts/application (5.6ms)
Completed 200 OK in 79ms (Views: 75.4ms | ActiveRecord: 0.4ms)


Started GET "/items" for 127.0.0.1 at 2017-10-04 15:39:46 -0400
Processing by ItemsController#index as HTML
  Rendering items/index.html.erb within layouts/application
  [1m[36mItem Load (2.5ms)[0m  [1m[34mSELECT "items".* FROM "items"[0m
  Rendered items/index.html.erb within layouts/application (24.3ms)
Completed 200 OK in 259ms (Views: 243.6ms | ActiveRecord: 2.5ms)


Started GET "/items/new" for 127.0.0.1 at 2017-10-04 15:39:48 -0400
Processing by ItemsController#new as HTML
  Rendering items/new.html.erb within layouts/application
  Rendered items/_form.html.erb (8.5ms)
  Rendered items/new.html.erb within layouts/application (18.0ms)
Completed 200 OK in 83ms (Views: 54.6ms | ActiveRecord: 0.0ms)


Started GET "/items" for 127.0.0.1 at 2017-10-04 15:39:50 -0400
Processing by ItemsController#index as HTML
  Rendering items/index.html.erb within layouts/application
  [1m[36mItem Load (0.5ms)[0m  [1m[34mSELECT "items".* FROM "items"[0m
  Rendered items/index.html.erb within layouts/application (3.1ms)
Completed 200 OK in 35ms (Views: 31.8ms | ActiveRecord: 0.5ms)


Started GET "/items/1/edit" for 127.0.0.1 at 2017-10-04 15:39:51 -0400
Processing by ItemsController#edit as HTML
  Parameters: {"id"=>"1"}
  [1m[36mItem Load (0.3ms)[0m  [1m[34mSELECT  "items".* FROM "items" WHERE "items"."id" = ? LIMIT ?[0m  [["id", 1], ["LIMIT", 1]]
  Rendering items/edit.html.erb within layouts/application
  Rendered items/_form.html.erb (9.6ms)
  Rendered items/edit.html.erb within layouts/application (12.9ms)
Completed 200 OK in 50ms (Views: 42.4ms | ActiveRecord: 0.3ms)


Started PATCH "/items/1" for 127.0.0.1 at 2017-10-04 15:39:53 -0400
Processing by ItemsController#update as HTML
  Parameters: {"utf8"=>"✓", "authenticity_token"=>"7+bgziZYwpVHtsm6sV+XAOLbJuEpia4Vcs86dW9Q7u8e/ZR6Oi3mQ5mZHS6Lip5HGvw1bqLE1UN4wcTArXgI+Q==", "item"=>{"name"=>"1"}, "commit"=>"Update Item", "id"=>"1"}
  [1m[36mItem Load (0.2ms)[0m  [1m[34mSELECT  "items".* FROM "items" WHERE "items"."id" = ? LIMIT ?[0m  [["id", 1], ["LIMIT", 1]]
  [1m[35m (0.2ms)[0m  [1m[36mbegin transaction[0m
  [1m[35m (0.1ms)[0m  [1m[31mrollback transaction[0m
  Rendering items/edit.html.erb within layouts/application
  Rendered items/_form.html.erb (6.3ms)
  Rendered items/edit.html.erb within layouts/application (8.2ms)
Completed 200 OK in 34ms (Views: 28.0ms | ActiveRecord: 0.6ms)


Started PATCH "/items/1" for 127.0.0.1 at 2017-10-04 15:39:57 -0400
Processing by ItemsController#update as HTML
  Parameters: {"utf8"=>"✓", "authenticity_token"=>"uAourQEkjSDMdNPSOuxOuLMBAQsryU+qPe1uQmtpJ5RZWSEATlr/eFefq0I8/qdxSbBWvkiJrzkoFAus3ywDKA==", "item"=>{"name"=>"First"}, "commit"=>"Update Item", "id"=>"1"}
  [1m[36mItem Load (0.2ms)[0m  [1m[34mSELECT  "items".* FROM "items" WHERE "items"."id" = ? LIMIT ?[0m  [["id", 1], ["LIMIT", 1]]
  [1m[35m (0.1ms)[0m  [1m[36mbegin transaction[0m
  [1m[35mSQL (2.9ms)[0m  [1m[33mUPDATE "items" SET "name" = ?, "updated_at" = ? WHERE "items"."id" = ?[0m  [["name", "First"], ["updated_at", "2017-10-04 19:39:57.259229"], ["id", 1]]
  [1m[35m (3.2ms)[0m  [1m[36mcommit transaction[0m
Redirected to http://localhost:3000/items/1
Completed 302 Found in 13ms (ActiveRecord: 6.3ms)


Started GET "/items/1" for 127.0.0.1 at 2017-10-04 15:39:57 -0400
Processing by ItemsController#show as HTML
  Parameters: {"id"=>"1"}
  [1m[36mItem Load (0.2ms)[0m  [1m[34mSELECT  "items".* FROM "items" WHERE "items"."id" = ? LIMIT ?[0m  [["id", 1], ["LIMIT", 1]]
  Rendering items/show.html.erb within layouts/application
  Rendered items/show.html.erb within layouts/application (1.3ms)
Completed 200 OK in 30ms (Views: 24.9ms | ActiveRecord: 0.2ms)


Started GET "/items" for 127.0.0.1 at 2017-10-04 15:39:58 -0400
Processing by ItemsController#index as HTML
  Rendering items/index.html.erb within layouts/application
  [1m[36mItem Load (0.4ms)[0m  [1m[34mSELECT "items".* FROM "items"[0m
  Rendered items/index.html.erb within layouts/application (4.1ms)
Completed 200 OK in 75ms (Views: 72.4ms | ActiveRecord: 0.4ms)


Started GET "/items/2" for 127.0.0.1 at 2017-10-04 15:40:00 -0400
Processing by ItemsController#show as HTML
  Parameters: {"id"=>"2"}
  [1m[36mItem Load (0.2ms)[0m  [1m[34mSELECT  "items".* FROM "items" WHERE "items"."id" = ? LIMIT ?[0m  [["id", 2], ["LIMIT", 1]]
  Rendering items/show.html.erb within layouts/application
  Rendered items/show.html.erb within layouts/application (1.2ms)
Completed 200 OK in 45ms (Views: 40.6ms | ActiveRecord: 0.2ms)


Started GET "/items/2/edit" for 127.0.0.1 at 2017-10-04 15:40:01 -0400
Processing by ItemsController#edit as HTML
  Parameters: {"id"=>"2"}
  [1m[36mItem Load (0.2ms)[0m  [1m[34mSELECT  "items".* FROM "items" WHERE "items"."id" = ? LIMIT ?[0m  [["id", 2], ["LIMIT", 1]]
  Rendering items/edit.html.erb within layouts/application
  Rendered items/_form.html.erb (2.7ms)
  Rendered items/edit.html.erb within layouts/application (4.6ms)
Completed 200 OK in 67ms (Views: 63.9ms | ActiveRecord: 0.2ms)


Started PATCH "/items/2" for 127.0.0.1 at 2017-10-04 15:40:06 -0400
Processing by ItemsController#update as HTML
  Parameters: {"utf8"=>"✓", "authenticity_token"=>"inSCBFZR4xVmUTfPi0AAws0DYQnQ0B8pRaI/JaL55V+V+Qm3TfT87szWHqIyJrwR59AWiJ21VNzeE8xEXrC+Vg==", "item"=>{"name"=>"Second"}, "commit"=>"Update Item", "id"=>"2"}
  [1m[36mItem Load (0.2ms)[0m  [1m[34mSELECT  "items".* FROM "items" WHERE "items"."id" = ? LIMIT ?[0m  [["id", 2], ["LIMIT", 1]]
  [1m[35m (0.1ms)[0m  [1m[36mbegin transaction[0m
  [1m[35mSQL (0.4ms)[0m  [1m[33mUPDATE "items" SET "name" = ?, "updated_at" = ? WHERE "items"."id" = ?[0m  [["name", "Second"], ["updated_at", "2017-10-04 19:40:06.501794"], ["id", 2]]
  [1m[35m (2.6ms)[0m  [1m[36mcommit transaction[0m
Redirected to http://localhost:3000/items/2
Completed 302 Found in 9ms (ActiveRecord: 3.3ms)


Started GET "/items/2" for 127.0.0.1 at 2017-10-04 15:40:06 -0400
Processing by ItemsController#show as HTML
  Parameters: {"id"=>"2"}
  [1m[36mItem Load (0.2ms)[0m  [1m[34mSELECT  "items".* FROM "items" WHERE "items"."id" = ? LIMIT ?[0m  [["id", 2], ["LIMIT", 1]]
  Rendering items/show.html.erb within layouts/application
  Rendered items/show.html.erb within layouts/application (0.7ms)
Completed 200 OK in 21ms (Views: 18.9ms | ActiveRecord: 0.2ms)


Started GET "/items/2/edit" for 127.0.0.1 at 2017-10-04 15:40:07 -0400
Processing by ItemsController#edit as HTML
  Parameters: {"id"=>"2"}
  [1m[36mItem Load (0.2ms)[0m  [1m[34mSELECT  "items".* FROM "items" WHERE "items"."id" = ? LIMIT ?[0m  [["id", 2], ["LIMIT", 1]]
  Rendering items/edit.html.erb within layouts/application
  Rendered items/_form.html.erb (8.9ms)
  Rendered items/edit.html.erb within layouts/application (14.6ms)
Completed 200 OK in 61ms (Views: 57.9ms | ActiveRecord: 0.2ms)


Started GET "/items" for 127.0.0.1 at 2017-10-04 15:40:09 -0400
Processing by ItemsController#index as HTML
  Rendering items/index.html.erb within layouts/application
  [1m[36mItem Load (0.3ms)[0m  [1m[34mSELECT "items".* FROM "items"[0m
  Rendered items/index.html.erb within layouts/application (5.3ms)
Completed 200 OK in 63ms (Views: 58.6ms | ActiveRecord: 0.3ms)


Started GET "/items" for 127.0.0.1 at 2017-10-04 16:13:33 -0400
Processing by ItemsController#index as HTML
  Rendering items/index.html.erb within layouts/application
  [1m[36mItem Load (10.7ms)[0m  [1m[34mSELECT "items".* FROM "items"[0m
  Rendered items/index.html.erb within layouts/application (62.6ms)
Completed 200 OK in 250ms (Views: 198.2ms | ActiveRecord: 10.7ms)


Started GET "/items" for 127.0.0.1 at 2017-10-04 16:17:43 -0400
Processing by ItemsController#index as HTML
  Rendering items/index.html.erb within layouts/application
  [1m[36mItem Load (2.3ms)[0m  [1m[34mSELECT "items".* FROM "items"[0m
  Rendered items/index.html.erb within layouts/application (575.3ms)
Completed 500 Internal Server Error in 651ms (ActiveRecord: 4.4ms)


  
ActionView::Template::Error (undefined local variable or method `article' for #<#<Class:0x007f9260f75a40>:0x007f9260f6fb40>):
    12:       <td><%= item.name %></td>
    13:       <td><%= link_to 'Show', item_path(item) %></td>
    14:       <td><%= link_to 'Edit', edit_item_path(item) %></td>
    15:       <td><%= link_to 'Destroy', item_path(article),
    16:               method: :delete,
    17:               data: { confirm: 'Are you sure?' } %></td>
    18:     </tr>
  
app/views/items/index.html.erb:15:in `block in _app_views_items_index_html_erb__846541494471079180_70133334389200'
app/views/items/index.html.erb:10:in `_app_views_items_index_html_erb__846541494471079180_70133334389200'
Started GET "/items" for 127.0.0.1 at 2017-10-04 16:17:55 -0400
Processing by ItemsController#index as HTML
  Rendering items/index.html.erb within layouts/application
  [1m[36mItem Load (1.3ms)[0m  [1m[34mSELECT "items".* FROM "items"[0m
  Rendered items/index.html.erb within layouts/application (23.6ms)
Completed 200 OK in 156ms (Views: 142.8ms | ActiveRecord: 1.3ms)


Started DELETE "/items/6" for 127.0.0.1 at 2017-10-04 16:18:02 -0400
Processing by ItemsController#destroy as HTML
  Parameters: {"authenticity_token"=>"RV4dYmSPs0Q0a2KUKvV39eIUoSrWgykWBfXrUYwtDyekDRLPK/HBHK+AGgQs5548GKX2n7XDyYUQDI6/OGgrmw==", "id"=>"6"}
Completed 500 Internal Server Error in 9ms (ActiveRecord: 0.0ms)


  
NameError (uninitialized constant ItemsController::Article):
  
app/controllers/items_controller.rb:41:in `destroy'
Started DELETE "/items/6" for 127.0.0.1 at 2017-10-04 16:18:17 -0400
Processing by ItemsController#destroy as HTML
  Parameters: {"authenticity_token"=>"RV4dYmSPs0Q0a2KUKvV39eIUoSrWgykWBfXrUYwtDyekDRLPK/HBHK+AGgQs5548GKX2n7XDyYUQDI6/OGgrmw==", "id"=>"6"}
  [1m[36mItem Load (2.3ms)[0m  [1m[34mSELECT  "items".* FROM "items" WHERE "items"."id" = ? LIMIT ?[0m  [["id", 6], ["LIMIT", 1]]
  [1m[35m (0.1ms)[0m  [1m[36mbegin transaction[0m
  [1m[35mSQL (0.3ms)[0m  [1m[31mDELETE FROM "items" WHERE "items"."id" = ?[0m  [["id", 6]]
  [1m[35m (3.8ms)[0m  [1m[36mcommit transaction[0m
Redirected to http://localhost:3000/items
Completed 302 Found in 45ms (ActiveRecord: 8.5ms)


Started GET "/items" for 127.0.0.1 at 2017-10-04 16:18:17 -0400
Processing by ItemsController#index as HTML
  Rendering items/index.html.erb within layouts/application
  [1m[36mItem Load (0.3ms)[0m  [1m[34mSELECT "items".* FROM "items"[0m
  Rendered items/index.html.erb within layouts/application (4.2ms)
Completed 200 OK in 84ms (Views: 79.6ms | ActiveRecord: 0.3ms)


Started GET "/items/new" for 127.0.0.1 at 2017-10-04 16:18:20 -0400
Processing by ItemsController#new as HTML
  Rendering items/new.html.erb within layouts/application
  Rendered items/_form.html.erb (7.6ms)
  Rendered items/new.html.erb within layouts/application (13.0ms)
Completed 200 OK in 54ms (Views: 48.4ms | ActiveRecord: 0.0ms)


Started POST "/items" for 127.0.0.1 at 2017-10-04 16:18:26 -0400
Processing by ItemsController#create as HTML
  Parameters: {"utf8"=>"✓", "authenticity_token"=>"/xYkCzp64ObeA0CxmNNaA8yXqg0MVLdaOX88CoiCTkuemQwURYsrSi9PorrbDnfF4hL41vUtUa4Suww8wktjSw==", "item"=>{"name"=>"Longer Name Item"}, "commit"=>"Create Item"}
  [1m[35m (0.1ms)[0m  [1m[36mbegin transaction[0m
  [1m[35mSQL (2.7ms)[0m  [1m[32mINSERT INTO "items" ("name", "created_at", "updated_at") VALUES (?, ?, ?)[0m  [["name", "Longer Name Item"], ["created_at", "2017-10-04 20:18:26.524820"], ["updated_at", "2017-10-04 20:18:26.524820"]]
  [1m[35m (9.8ms)[0m  [1m[36mcommit transaction[0m
Redirected to http://localhost:3000/items/7
Completed 302 Found in 22ms (ActiveRecord: 12.6ms)


Started GET "/items/7" for 127.0.0.1 at 2017-10-04 16:18:26 -0400
Processing by ItemsController#show as HTML
  Parameters: {"id"=>"7"}
  [1m[36mItem Load (0.2ms)[0m  [1m[34mSELECT  "items".* FROM "items" WHERE "items"."id" = ? LIMIT ?[0m  [["id", 7], ["LIMIT", 1]]
  Rendering items/show.html.erb within layouts/application
  Rendered items/show.html.erb within layouts/application (5.9ms)
Completed 200 OK in 36ms (Views: 30.2ms | ActiveRecord: 0.2ms)


Started GET "/items" for 127.0.0.1 at 2017-10-04 16:18:28 -0400
Processing by ItemsController#index as HTML
  Rendering items/index.html.erb within layouts/application
  [1m[36mItem Load (0.6ms)[0m  [1m[34mSELECT "items".* FROM "items"[0m
  Rendered items/index.html.erb within layouts/application (20.6ms)
Completed 200 OK in 64ms (Views: 61.3ms | ActiveRecord: 0.6ms)


Started GET "/items" for 127.0.0.1 at 2017-10-04 16:36:31 -0400
  [1m[35m (1.5ms)[0m  [1m[34mSELECT "schema_migrations"."version" FROM "schema_migrations" ORDER BY "schema_migrations"."version" ASC[0m
Processing by ItemsController#index as HTML
  Rendering items/index.html.erb within layouts/application
  [1m[36mItem Load (2.5ms)[0m  [1m[34mSELECT "items".* FROM "items"[0m
  Rendered items/index.html.erb within layouts/application (27.0ms)
Completed 200 OK in 641ms (Views: 607.1ms | ActiveRecord: 6.9ms)


Started GET "/items/3" for 127.0.0.1 at 2017-10-04 16:36:36 -0400
Processing by ItemsController#show as HTML
  Parameters: {"id"=>"3"}
  [1m[36mItem Load (0.3ms)[0m  [1m[34mSELECT  "items".* FROM "items" WHERE "items"."id" = ? LIMIT ?[0m  [["id", 3], ["LIMIT", 1]]
  Rendering items/show.html.erb within layouts/application
  Rendered items/show.html.erb within layouts/application (0.9ms)
Completed 200 OK in 32ms (Views: 23.3ms | ActiveRecord: 0.6ms)


Started GET "/items/3/edit" for 127.0.0.1 at 2017-10-04 16:36:38 -0400
Processing by ItemsController#edit as HTML
  Parameters: {"id"=>"3"}
  [1m[36mItem Load (0.3ms)[0m  [1m[34mSELECT  "items".* FROM "items" WHERE "items"."id" = ? LIMIT ?[0m  [["id", 3], ["LIMIT", 1]]
  Rendering items/edit.html.erb within layouts/application
  Rendered items/_form.html.erb (85.6ms)
  Rendered items/edit.html.erb within layouts/application (91.7ms)
Completed 200 OK in 125ms (Views: 116.1ms | ActiveRecord: 0.3ms)


Started PATCH "/items/3" for 127.0.0.1 at 2017-10-04 16:36:40 -0400
Processing by ItemsController#update as HTML
  Parameters: {"utf8"=>"✓", "authenticity_token"=>"Bza5fszlw46Uk6c80oqkra/F3bIZJTe7L0MU3/loIZYxOoCVWto/8Sy65ITYj0O9x9Cr0SUeK1JYswuSDYY9Zw==", "item"=>{"name"=>"Test Item 1"}, "commit"=>"Update Item", "id"=>"3"}
  [1m[36mItem Load (0.2ms)[0m  [1m[34mSELECT  "items".* FROM "items" WHERE "items"."id" = ? LIMIT ?[0m  [["id", 3], ["LIMIT", 1]]
  [1m[35m (0.1ms)[0m  [1m[36mbegin transaction[0m
  [1m[35mSQL (3.5ms)[0m  [1m[33mUPDATE "items" SET "name" = ?, "updated_at" = ? WHERE "items"."id" = ?[0m  [["name", "Test Item 1"], ["updated_at", "2017-10-04 20:36:40.537779"], ["id", 3]]
  [1m[35m (3.0ms)[0m  [1m[36mcommit transaction[0m
Redirected to http://localhost:3000/items/3
Completed 302 Found in 20ms (ActiveRecord: 6.8ms)


Started GET "/items/3" for 127.0.0.1 at 2017-10-04 16:36:40 -0400
Processing by ItemsController#show as HTML
  Parameters: {"id"=>"3"}
  [1m[36mItem Load (0.2ms)[0m  [1m[34mSELECT  "items".* FROM "items" WHERE "items"."id" = ? LIMIT ?[0m  [["id", 3], ["LIMIT", 1]]
  Rendering items/show.html.erb within layouts/application
  Rendered items/show.html.erb within layouts/application (0.7ms)
Completed 200 OK in 23ms (Views: 20.6ms | ActiveRecord: 0.2ms)


Started GET "/items" for 127.0.0.1 at 2017-10-04 16:36:41 -0400
Processing by ItemsController#index as HTML
  Rendering items/index.html.erb within layouts/application
  [1m[36mItem Load (0.5ms)[0m  [1m[34mSELECT "items".* FROM "items"[0m
  Rendered items/index.html.erb within layouts/application (6.3ms)
Completed 200 OK in 44ms (Views: 38.3ms | ActiveRecord: 0.5ms)


